<?xml version="1.0" encoding="UTF-8"?>
<!-- Generated by org.testng.reporters.JUnitReportReporter -->
<testsuite skipped="0" hostname="Parihar-Air.home" name="nl.payconiq.api.tests.AuthTests" tests="1" failures="0" timestamp="25 Jun 2023 15:02:56 GMT" time="4.180" errors="0">
  <testcase name="creteToken" time="4.180" classname="nl.payconiq.api.tests.AuthTests"/>
</testsuite> <!-- nl.payconiq.api.tests.AuthTests -->
