<?xml version="1.0" encoding="UTF-8"?>
<!-- Generated by org.testng.reporters.JUnitReportReporter -->
<testsuite skipped="0" hostname="Parihar-Air.home" name="nl.payconiq.api.tests.PartialUpdateBookingTest" tests="4" failures="0" timestamp="2023-06-30T11:46:16 CEST" time="2.651" errors="0">
  <testcase name="createBookingTestWithSuccess" time="0.805" classname="nl.payconiq.api.tests.PartialUpdateBookingTest"/>
  <system-out/>
  <testcase name="partialuUpdateBookingTest" time="0.706" classname="nl.payconiq.api.tests.PartialUpdateBookingTest"/>
  <system-out/>
  <testcase name="partialuUpdateBookingWithBadAuthenticationTest" time="0.584" classname="nl.payconiq.api.tests.PartialUpdateBookingTest"/>
  <system-out/>
  <testcase name="deleteBookingWithSuccess" time="0.556" classname="nl.payconiq.api.tests.PartialUpdateBookingTest"/>
  <system-out/>
</testsuite> <!-- nl.payconiq.api.tests.PartialUpdateBookingTest -->
