<?xml version="1.0" encoding="UTF-8"?>
<!-- Generated by org.testng.reporters.JUnitReportReporter -->
<testsuite skipped="0" hostname="Parihar-Air.home" name="nl.payconiq.api.tests.GetBookingTest" tests="6" failures="0" timestamp="2023-06-30T02:35:45 CEST" time="4.272" errors="0">
  <testcase name="createBookingTestWithSuccess" time="0.813" classname="nl.payconiq.api.tests.GetBookingTest"/>
  <system-out/>
  <testcase name="getBookingByIdSuccess" time="0.671" classname="nl.payconiq.api.tests.GetBookingTest"/>
  <system-out/>
  <testcase name="getBookingByIdWithBadBokingID" time="0.820" classname="nl.payconiq.api.tests.GetBookingTest"/>
  <system-out/>
  <testcase name="getAllBookingsWithoutFilter" time="0.823" classname="nl.payconiq.api.tests.GetBookingTest"/>
  <system-out/>
  <testcase name="getAllBookingsWithFilter" time="0.559" classname="nl.payconiq.api.tests.GetBookingTest"/>
  <system-out/>
  <testcase name="deleteBookingWithSuccess" time="0.586" classname="nl.payconiq.api.tests.GetBookingTest"/>
  <system-out/>
</testsuite> <!-- nl.payconiq.api.tests.GetBookingTest -->
