<?xml version="1.0" encoding="UTF-8"?>
<!-- Generated by org.testng.reporters.JUnitReportReporter -->
<testsuite skipped="0" hostname="Parihar-Air.home" name="nl.payconiq.api.tests.UpdateBookingTest" tests="3" failures="0" timestamp="2023-06-30T02:45:29 CEST" time="2.205" errors="0">
  <testcase name="createBookingTestWithSuccess" time="0.850" classname="nl.payconiq.api.tests.UpdateBookingTest"/>
  <system-out/>
  <testcase name="updateBookingTest" time="0.734" classname="nl.payconiq.api.tests.UpdateBookingTest"/>
  <system-out/>
  <testcase name="updateBookingWithoutAuthTest" time="0.621" classname="nl.payconiq.api.tests.UpdateBookingTest"/>
  <system-out/>
</testsuite> <!-- nl.payconiq.api.tests.UpdateBookingTest -->
