<?xml version="1.0" encoding="UTF-8"?>
<!-- Generated by org.testng.reporters.JUnitReportReporter -->
<testsuite skipped="0" hostname="Parihar-Air.home" name="nl.payconiq.api.tests.DeleteBookingTest" tests="3" failures="0" timestamp="2023-06-30T11:19:35 CEST" time="2.226" errors="0">
  <testcase name="createBookingWithSuccess" time="0.834" classname="nl.payconiq.api.tests.DeleteBookingTest"/>
  <system-out/>
  <testcase name="deleteBookingWithSuccess" time="0.813" classname="nl.payconiq.api.tests.DeleteBookingTest"/>
  <system-out/>
  <testcase name="deleteBookingWithFailure" time="0.579" classname="nl.payconiq.api.tests.DeleteBookingTest"/>
  <system-out/>
</testsuite> <!-- nl.payconiq.api.tests.DeleteBookingTest -->
