<?xml version="1.0" encoding="UTF-8"?>
<!-- Generated by org.testng.reporters.JUnitReportReporter -->
<testsuite skipped="0" hostname="Parihar-Air.home" name="nl.payconiq.api.tests.BookingTests" tests="5" failures="0" timestamp="26 Jun 2023 08:43:15 GMT" time="4.427" errors="0">
  <testcase name="createBookingTest" time="1.126" classname="nl.payconiq.api.tests.BookingTests"/>
  <testcase name="getBookingByIdTest" time="0.862" classname="nl.payconiq.api.tests.BookingTests"/>
  <testcase name="getAllBookingIdsTest" time="0.872" classname="nl.payconiq.api.tests.BookingTests"/>
  <testcase name="getBookingIdsByFilterTest" time="0.714" classname="nl.payconiq.api.tests.BookingTests"/>
  <testcase name="updateBookingTest" time="0.853" classname="nl.payconiq.api.tests.BookingTests"/>
</testsuite> <!-- nl.payconiq.api.tests.BookingTests -->
