<?xml version="1.0" encoding="UTF-8"?>
<!-- Generated by org.testng.reporters.JUnitReportReporter -->
<testsuite skipped="0" hostname="Parihar-Air.home" name="nl.payconiq.api.tests.HealthCheckAPITest" tests="1" failures="0" timestamp="2023-06-30T10:43:23 CEST" time="0.771" errors="0">
  <testcase name="healthCheckAPITest" time="0.771" classname="nl.payconiq.api.tests.HealthCheckAPITest"/>
  <system-out/>
</testsuite> <!-- nl.payconiq.api.tests.HealthCheckAPITest -->
