<?xml version="1.0" encoding="UTF-8"?>
<!-- Generated by org.testng.reporters.JUnitReportReporter -->
<testsuite skipped="2" hostname="Parihar-Air.home" name="nl.payconiq.api.tests.CreateTokenTest" tests="3" failures="0" timestamp="2023-06-30T10:09:24 CEST" time="0.665" errors="0">
  <testcase name="createTokenTestWithBadCred1" time="0.665" classname="nl.payconiq.api.tests.CreateTokenTest"/>
  <system-out/>
  <testcase name="createTokenTestWithBadCred" classname="nl.payconiq.api.tests.CreateTokenTest">
    <skipped/>
  </testcase> <!-- createTokenTestWithBadCred -->
  <system-out/>
  <testcase name="creteTokenTestWithSuccess" classname="nl.payconiq.api.tests.CreateTokenTest">
    <skipped/>
  </testcase> <!-- creteTokenTestWithSuccess -->
  <system-out/>
</testsuite> <!-- nl.payconiq.api.tests.CreateTokenTest -->
