<?xml version="1.0" encoding="UTF-8"?>
<!-- Generated by org.testng.reporters.JUnitReportReporter -->
<testsuite skipped="0" hostname="Parihar-Air.home" name="nl.payconiq.api.tests.UpdateBookingTests" tests="4" failures="0" timestamp="2023-06-30T15:58:24 CEST" time="2.354" errors="0">
  <testcase name="createBookingTestWithSuccess" time="0.601" classname="nl.payconiq.api.tests.UpdateBookingTests"/>
  <system-out/>
  <testcase name="updateBookingTest" time="0.567" classname="nl.payconiq.api.tests.UpdateBookingTests"/>
  <system-out/>
  <testcase name="updateBookingWithoutAuthTest" time="0.559" classname="nl.payconiq.api.tests.UpdateBookingTests"/>
  <system-out/>
  <testcase name="deleteBookingWithSuccess" time="0.627" classname="nl.payconiq.api.tests.UpdateBookingTests"/>
  <system-out/>
</testsuite> <!-- nl.payconiq.api.tests.UpdateBookingTests -->
