<?xml version="1.0" encoding="UTF-8"?>
<!-- Generated by org.testng.reporters.JUnitReportReporter -->
<testsuite skipped="0" hostname="Parihar-Air.home" name="nl.payconiq.api.tests.PartialUpdateBookingTests" tests="4" failures="0" timestamp="2023-06-30T15:58:24 CEST" time="2.476" errors="0">
  <testcase name="createBookingTestWithSuccess" time="0.672" classname="nl.payconiq.api.tests.PartialUpdateBookingTests"/>
  <system-out/>
  <testcase name="partialuUpdateBookingTest" time="0.591" classname="nl.payconiq.api.tests.PartialUpdateBookingTests"/>
  <system-out/>
  <testcase name="partialuUpdateBookingWithBadAuthenticationTest" time="0.597" classname="nl.payconiq.api.tests.PartialUpdateBookingTests"/>
  <system-out/>
  <testcase name="deleteBookingWithSuccess" time="0.616" classname="nl.payconiq.api.tests.PartialUpdateBookingTests"/>
  <system-out/>
</testsuite> <!-- nl.payconiq.api.tests.PartialUpdateBookingTests -->
