<?xml version="1.0" encoding="UTF-8"?>
<!-- Generated by org.testng.reporters.JUnitReportReporter -->
<testsuite skipped="0" hostname="Parihar-Air.home" name="nl.payconiq.api.tests.DeleteBookingTests" tests="3" failures="0" timestamp="2023-06-30T15:58:24 CEST" time="1.782" errors="0">
  <testcase name="createBookingWithSuccess" time="0.688" classname="nl.payconiq.api.tests.DeleteBookingTests"/>
  <system-out/>
  <testcase name="deleteBookingWithSuccess" time="0.559" classname="nl.payconiq.api.tests.DeleteBookingTests"/>
  <system-out/>
  <testcase name="deleteBookingWithFailure" time="0.535" classname="nl.payconiq.api.tests.DeleteBookingTests"/>
  <system-out/>
</testsuite> <!-- nl.payconiq.api.tests.DeleteBookingTests -->
