<?xml version="1.0" encoding="UTF-8"?>
<!-- Generated by org.testng.reporters.JUnitReportReporter -->
<testsuite skipped="0" hostname="Parihar-Air.home" name="nl.payconiq.api.tests.CreateBookingTests" tests="3" failures="0" timestamp="2023-06-30T15:58:24 CEST" time="1.837" errors="0">
  <testcase name="createBookingWithSuccess" time="0.710" classname="nl.payconiq.api.tests.CreateBookingTests"/>
  <system-out/>
  <testcase name="createBookingWithFailure" time="0.571" classname="nl.payconiq.api.tests.CreateBookingTests"/>
  <system-out/>
  <testcase name="deleteBookingWithSuccess" time="0.556" classname="nl.payconiq.api.tests.CreateBookingTests"/>
  <system-out/>
</testsuite> <!-- nl.payconiq.api.tests.CreateBookingTests -->
