<?xml version="1.0" encoding="UTF-8"?>
<!-- Generated by org.testng.reporters.JUnitReportReporter -->
<testsuite skipped="0" hostname="Parihar-Air.home" name="nl.payconiq.api.tests.CreateTokenTests" tests="2" failures="0" timestamp="2023-06-30T15:58:24 CEST" time="1.106" errors="0">
  <testcase name="creteTokenTestWithSuccess" time="0.542" classname="nl.payconiq.api.tests.CreateTokenTests"/>
  <system-out/>
  <testcase name="createTokenTestWithBadCred" time="0.564" classname="nl.payconiq.api.tests.CreateTokenTests"/>
  <system-out/>
</testsuite> <!-- nl.payconiq.api.tests.CreateTokenTests -->
