<?xml version="1.0" encoding="UTF-8"?>
<!-- Generated by org.testng.reporters.JUnitReportReporter -->
<testsuite skipped="0" hostname="Parihar-Air.home" name="nl.payconiq.api.tests.GetBookingTests" tests="6" failures="0" timestamp="2023-06-30T15:58:24 CEST" time="4.336" errors="0">
  <testcase name="createBookingWithSuccess" time="0.932" classname="nl.payconiq.api.tests.GetBookingTests"/>
  <system-out/>
  <testcase name="getBookingByIdSuccess" time="0.670" classname="nl.payconiq.api.tests.GetBookingTests"/>
  <system-out/>
  <testcase name="getBookingByIdWithBadBokingID" time="0.569" classname="nl.payconiq.api.tests.GetBookingTests"/>
  <system-out/>
  <testcase name="getAllBookingsWithoutFilter" time="0.982" classname="nl.payconiq.api.tests.GetBookingTests"/>
  <system-out/>
  <testcase name="getAllBookingsWithFilter" time="0.578" classname="nl.payconiq.api.tests.GetBookingTests"/>
  <system-out/>
  <testcase name="deleteBookingWithSuccess" time="0.605" classname="nl.payconiq.api.tests.GetBookingTests"/>
  <system-out/>
</testsuite> <!-- nl.payconiq.api.tests.GetBookingTests -->
