<?xml version="1.0" encoding="UTF-8"?>
<!-- Generated by org.testng.reporters.JUnitReportReporter -->
<testsuite skipped="0" hostname="Parihar-Air.home" name="nl.payconiq.api.tests.HealthCheckAPITests" tests="1" failures="0" timestamp="2023-06-30T15:58:24 CEST" time="0.566" errors="0">
  <testcase name="healthCheckAPIWithSuccess" time="0.566" classname="nl.payconiq.api.tests.HealthCheckAPITests"/>
  <system-out/>
</testsuite> <!-- nl.payconiq.api.tests.HealthCheckAPITests -->
